1598025547040	geckodriver	INFO	Listening on 127.0.0.1:53351
1598025550121	mozrunner::runner	INFO	Running command: "C:\\Program Files\\Mozilla Firefox\\firefox.exe" "--marionette" "-foreground" "-no-remote" "-profile" "C:\\Users\\matty\\AppData\\Local\\Temp\\rust_mozprofileSYeK6l"
JavaScript error: resource://gre/modules/XULStore.jsm, line 66: Error: Can't find profile directory.
console.error: SearchCache: "_readCacheFile: Error reading cache file:" (new Error("", "(unknown module)"))
1598025556820	Marionette	INFO	Listening on port 53359
1598025557132	Marionette	WARN	TLS certificate errors will be ignored for this session
1598025558825	Marionette	INFO	Stopped listening on port 53359

###!!! [Child][RunMessage] Error: Channel closing: too late to send/recv, messages will be lost


###!!! [Child][MessageChannel::SendAndWait] Error: Channel error: cannot send/recv

1598456302433	geckodriver	INFO	Listening on 127.0.0.1:50346
1598456305526	mozrunner::runner	INFO	Running command: "C:\\Program Files\\Mozilla Firefox\\firefox.exe" "--marionette" "-foreground" "-no-remote" "-profile" "C:\\Users\\matty\\AppData\\Local\\Temp\\rust_mozprofileWKkALY"
JavaScript error: resource://gre/modules/XULStore.jsm, line 66: Error: Can't find profile directory.
console.error: SearchCache: "_readCacheFile: Error reading cache file:" (new Error("", "(unknown module)"))
1598456308712	Marionette	INFO	Listening on port 50354
1598456309140	Marionette	WARN	TLS certificate errors will be ignored for this session
1598456311365	Marionette	INFO	Stopped listening on port 50354

###!!! [Child][RunMessage] Error: Channel closing: too late to send/recv, messages will be lost


###!!! [Child][MessageChannel::SendAndWait] Error: Channel error: cannot send/recv

1598463687862	geckodriver	INFO	Listening on 127.0.0.1:50878
1598463690924	mozrunner::runner	INFO	Running command: "C:\\Program Files\\Mozilla Firefox\\firefox.exe" "--marionette" "-foreground" "-no-remote" "-profile" "C:\\Users\\matty\\AppData\\Local\\Temp\\rust_mozprofile4EpAtl"
JavaScript error: resource://gre/modules/XULStore.jsm, line 66: Error: Can't find profile directory.
console.error: SearchCache: "_readCacheFile: Error reading cache file:" (new Error("", "(unknown module)"))
1598463694323	Marionette	INFO	Listening on port 50886
1598463694621	Marionette	WARN	TLS certificate errors will be ignored for this session
1598463694767	Marionette	INFO	Stopped listening on port 50886
console.warn: services.settings: main/whats-new-panel sync interrupted by shutdown
console.error: Region.jsm: "Error fetching region" (new TypeError("NetworkError when attempting to fetch resource.", ""))
console.error: Region.jsm: "Failed to fetch region" (new Error("NO_RESULT", "resource://gre/modules/Region.jsm", 343))

###!!! [Child][RunMessage] Error: Channel closing: too late to send/recv, messages will be lost


###!!! [Child][MessageChannel::SendAndWait] Error: Channel error: cannot send/recv

